<?xml version="1.0" encoding="UTF-8"?>
<robot generator="Robot 3.2.1 (Python 3.8.5 on win32)" generated="20200731 02:57:19.154" rpa="false">
<suite id="s1" name="Casosdeprueba2" source="C:\Users\INFORMATICA\Desktop\SQA\QA UDEMY\Tarea\casosdeprueba2.robot">
<test id="s1-t1" name="AP002 Verificar que la previsualización está funcionando correctamente a través del texto de preview">
<kw name="Abrir Navegador">
<kw name="Open Browser" library="SeleniumLibrary">
<doc>Opens a new browser instance to the optional ``url``.</doc>
<arguments>
<arg>${Url}</arg>
<arg>${Navegador}</arg>
</arguments>
<msg timestamp="20200731 02:57:20.435" level="INFO">Opening browser 'Chrome' to base url 'http://automationpractice.com/index.php'.</msg>
<status status="PASS" starttime="20200731 02:57:20.432" endtime="20200731 02:57:36.461"></status>
</kw>
<status status="PASS" starttime="20200731 02:57:20.429" endtime="20200731 02:57:36.461"></status>
</kw>
<kw name="Set Focus To Element" library="SeleniumLibrary">
<doc>Sets the focus to the element identified by ``locator``.</doc>
<arguments>
<arg>css=#home-page-tabs &gt; li.active &gt; a</arg>
</arguments>
<status status="PASS" starttime="20200731 02:57:36.463" endtime="20200731 02:57:36.817"></status>
</kw>
<kw name="Set Window Size" library="SeleniumLibrary">
<doc>Sets current windows size to given ``width`` and ``height``.</doc>
<arguments>
<arg>1270</arg>
<arg>900</arg>
</arguments>
<status status="PASS" starttime="20200731 02:57:36.818" endtime="20200731 02:57:39.680"></status>
</kw>
<kw name="Set Selenium Speed" library="SeleniumLibrary">
<doc>Sets the delay that is waited after each Selenium command.</doc>
<arguments>
<arg>0.8 seconds</arg>
</arguments>
<status status="PASS" starttime="20200731 02:57:39.682" endtime="20200731 02:57:39.683"></status>
</kw>
<kw name="${cadaItem} IN [ @{items} ]" type="for">
<kw name="${cadaItem} = 1" type="foritem">
<kw name="Element Should Not Be Visible" library="SeleniumLibrary">
<doc>Verifies that the element identified by ``locator`` is NOT visible.</doc>
<arguments>
<arg>css=#homefeatured &gt; li:nth-child(${cadaItem}) &gt; div &gt; div.left-block &gt; div &gt; div.quick-view-wrapper-mobile &gt; a &gt; i</arg>
</arguments>
<msg timestamp="20200731 02:57:41.391" level="INFO">Element 'css=#homefeatured &gt; li:nth-child(1) &gt; div &gt; div.left-block &gt; div &gt; div.quick-view-wrapper-mobile &gt; a &gt; i' exists but is not displayed.</msg>
<status status="PASS" starttime="20200731 02:57:39.687" endtime="20200731 02:57:41.393"></status>
</kw>
<kw name="Get Text" library="SeleniumLibrary">
<doc>Returns the text value of the element identified by ``locator``.</doc>
<arguments>
<arg>css=#homefeatured &gt; li:nth-child(${cadaItem}) &gt; div &gt; div.right-block &gt; h5 &gt; a</arg>
</arguments>
<assign>
<var>${objetoTitulo}</var>
</assign>
<msg timestamp="20200731 02:57:43.361" level="INFO">${objetoTitulo} = Faded Short Sleeve T-shirts</msg>
<status status="PASS" starttime="20200731 02:57:41.394" endtime="20200731 02:57:43.361"></status>
</kw>
<kw name="Mouse Over" library="SeleniumLibrary">
<doc>Simulates hovering the mouse over the element ``locator``.</doc>
<arguments>
<arg>css=#homefeatured &gt; li:nth-child(${cadaItem}) &gt; div &gt; div.left-block &gt; div &gt; a.product_img_link &gt; img</arg>
</arguments>
<msg timestamp="20200731 02:57:43.363" level="INFO">Simulating Mouse Over on element 'css=#homefeatured &gt; li:nth-child(1) &gt; div &gt; div.left-block &gt; div &gt; a.product_img_link &gt; img'.</msg>
<status status="PASS" starttime="20200731 02:57:43.362" endtime="20200731 02:57:45.328"></status>
</kw>
<kw name="Wait Until Keyword Succeeds" library="BuiltIn">
<doc>Runs the specified keyword and retries if it fails.</doc>
<arguments>
<arg>2 min</arg>
<arg>3 sec</arg>
<arg>Click Element</arg>
<arg>css=#homefeatured &gt; li:nth-child(${cadaItem}) &gt; div &gt; div.left-block &gt; div &gt; a.quick-view &gt; span</arg>
</arguments>
<kw name="Click Element" library="SeleniumLibrary">
<doc>Click the element identified by ``locator``.</doc>
<arguments>
<arg>css=#homefeatured &gt; li:nth-child(${cadaItem}) &gt; div &gt; div.left-block &gt; div &gt; a.quick-view &gt; span</arg>
</arguments>
<msg timestamp="20200731 02:57:45.332" level="INFO">Clicking element 'css=#homefeatured &gt; li:nth-child(1) &gt; div &gt; div.left-block &gt; div &gt; a.quick-view &gt; span'.</msg>
<status status="PASS" starttime="20200731 02:57:45.330" endtime="20200731 02:57:47.500"></status>
</kw>
<status status="PASS" starttime="20200731 02:57:45.329" endtime="20200731 02:57:47.500"></status>
</kw>
<kw name="Wait Until Element Is Visible" library="SeleniumLibrary">
<doc>Waits until the element ``locator`` is visible.</doc>
<arguments>
<arg>css=#index &gt; div.fancybox-overlay.fancybox-overlay-fixed &gt; div &gt; div &gt; div &gt; div &gt; iframe</arg>
</arguments>
<status status="PASS" starttime="20200731 02:57:47.501" endtime="20200731 02:57:52.619"></status>
</kw>
<kw name="Select Frame" library="SeleniumLibrary">
<doc>Sets frame identified by ``locator`` as the current frame.</doc>
<arguments>
<arg>css=#index &gt; div.fancybox-overlay.fancybox-overlay-fixed &gt; div &gt; div &gt; div &gt; div &gt; iframe</arg>
</arguments>
<msg timestamp="20200731 02:57:52.622" level="INFO">Selecting frame 'css=#index &gt; div.fancybox-overlay.fancybox-overlay-fixed &gt; div &gt; div &gt; div &gt; div &gt; iframe'.</msg>
<status status="PASS" starttime="20200731 02:57:52.620" endtime="20200731 02:57:54.629"></status>
</kw>
<kw name="Wait Until Element Is Visible" library="SeleniumLibrary">
<doc>Waits until the element ``locator`` is visible.</doc>
<arguments>
<arg>css=#product &gt; div &gt; div &gt; div.pb-center-column.col-xs-12.col-sm-4 &gt; h1</arg>
</arguments>
<status status="PASS" starttime="20200731 02:57:54.630" endtime="20200731 02:57:56.391"></status>
</kw>
<kw name="Element Text Should Be" library="SeleniumLibrary">
<doc>Verifies that element ``locator`` contains exact the text ``expected``.</doc>
<arguments>
<arg>css=#product &gt; div &gt; div &gt; div.pb-center-column.col-xs-12.col-sm-4 &gt; h1</arg>
<arg>${objetoTitulo}</arg>
</arguments>
<msg timestamp="20200731 02:57:56.394" level="INFO">Verifying element 'css=#product &gt; div &gt; div &gt; div.pb-center-column.col-xs-12.col-sm-4 &gt; h1' contains exact text 'Faded Short Sleeve T-shirts'.</msg>
<status status="PASS" starttime="20200731 02:57:56.392" endtime="20200731 02:57:58.140"></status>
</kw>
<kw name="Unselect Frame" library="SeleniumLibrary">
<doc>Sets the main frame as the current frame.</doc>
<status status="PASS" starttime="20200731 02:57:58.141" endtime="20200731 02:57:58.965"></status>
</kw>
<kw name="Click Element" library="SeleniumLibrary">
<doc>Click the element identified by ``locator``.</doc>
<arguments>
<arg>css=#index &gt; div.fancybox-overlay.fancybox-overlay-fixed &gt; div &gt; div &gt; a</arg>
</arguments>
<msg timestamp="20200731 02:57:58.968" level="INFO">Clicking element 'css=#index &gt; div.fancybox-overlay.fancybox-overlay-fixed &gt; div &gt; div &gt; a'.</msg>
<status status="PASS" starttime="20200731 02:57:58.966" endtime="20200731 02:58:00.870"></status>
</kw>
<status status="PASS" starttime="20200731 02:57:39.686" endtime="20200731 02:58:00.871"></status>
</kw>
<kw name="${cadaItem} = 2" type="foritem">
<kw name="Element Should Not Be Visible" library="SeleniumLibrary">
<doc>Verifies that the element identified by ``locator`` is NOT visible.</doc>
<arguments>
<arg>css=#homefeatured &gt; li:nth-child(${cadaItem}) &gt; div &gt; div.left-block &gt; div &gt; div.quick-view-wrapper-mobile &gt; a &gt; i</arg>
</arguments>
<msg timestamp="20200731 02:58:02.610" level="INFO">Element 'css=#homefeatured &gt; li:nth-child(2) &gt; div &gt; div.left-block &gt; div &gt; div.quick-view-wrapper-mobile &gt; a &gt; i' exists but is not displayed.</msg>
<status status="PASS" starttime="20200731 02:58:00.872" endtime="20200731 02:58:02.611"></status>
</kw>
<kw name="Get Text" library="SeleniumLibrary">
<doc>Returns the text value of the element identified by ``locator``.</doc>
<arguments>
<arg>css=#homefeatured &gt; li:nth-child(${cadaItem}) &gt; div &gt; div.right-block &gt; h5 &gt; a</arg>
</arguments>
<assign>
<var>${objetoTitulo}</var>
</assign>
<msg timestamp="20200731 02:58:04.595" level="INFO">${objetoTitulo} = Blouse</msg>
<status status="PASS" starttime="20200731 02:58:02.612" endtime="20200731 02:58:04.595"></status>
</kw>
<kw name="Mouse Over" library="SeleniumLibrary">
<doc>Simulates hovering the mouse over the element ``locator``.</doc>
<arguments>
<arg>css=#homefeatured &gt; li:nth-child(${cadaItem}) &gt; div &gt; div.left-block &gt; div &gt; a.product_img_link &gt; img</arg>
</arguments>
<msg timestamp="20200731 02:58:04.598" level="INFO">Simulating Mouse Over on element 'css=#homefeatured &gt; li:nth-child(2) &gt; div &gt; div.left-block &gt; div &gt; a.product_img_link &gt; img'.</msg>
<status status="PASS" starttime="20200731 02:58:04.596" endtime="20200731 02:58:06.796"></status>
</kw>
<kw name="Wait Until Keyword Succeeds" library="BuiltIn">
<doc>Runs the specified keyword and retries if it fails.</doc>
<arguments>
<arg>2 min</arg>
<arg>3 sec</arg>
<arg>Click Element</arg>
<arg>css=#homefeatured &gt; li:nth-child(${cadaItem}) &gt; div &gt; div.left-block &gt; div &gt; a.quick-view &gt; span</arg>
</arguments>
<kw name="Click Element" library="SeleniumLibrary">
<doc>Click the element identified by ``locator``.</doc>
<arguments>
<arg>css=#homefeatured &gt; li:nth-child(${cadaItem}) &gt; div &gt; div.left-block &gt; div &gt; a.quick-view &gt; span</arg>
</arguments>
<msg timestamp="20200731 02:58:06.804" level="INFO">Clicking element 'css=#homefeatured &gt; li:nth-child(2) &gt; div &gt; div.left-block &gt; div &gt; a.quick-view &gt; span'.</msg>
<status status="PASS" starttime="20200731 02:58:06.801" endtime="20200731 02:58:09.212"></status>
</kw>
<status status="PASS" starttime="20200731 02:58:06.798" endtime="20200731 02:58:09.213"></status>
</kw>
<kw name="Wait Until Element Is Visible" library="SeleniumLibrary">
<doc>Waits until the element ``locator`` is visible.</doc>
<arguments>
<arg>css=#index &gt; div.fancybox-overlay.fancybox-overlay-fixed &gt; div &gt; div &gt; div &gt; div &gt; iframe</arg>
</arguments>
<status status="PASS" starttime="20200731 02:58:09.213" endtime="20200731 02:58:13.552"></status>
</kw>
<kw name="Select Frame" library="SeleniumLibrary">
<doc>Sets frame identified by ``locator`` as the current frame.</doc>
<arguments>
<arg>css=#index &gt; div.fancybox-overlay.fancybox-overlay-fixed &gt; div &gt; div &gt; div &gt; div &gt; iframe</arg>
</arguments>
<msg timestamp="20200731 02:58:13.555" level="INFO">Selecting frame 'css=#index &gt; div.fancybox-overlay.fancybox-overlay-fixed &gt; div &gt; div &gt; div &gt; div &gt; iframe'.</msg>
<status status="PASS" starttime="20200731 02:58:13.553" endtime="20200731 02:58:15.453"></status>
</kw>
<kw name="Wait Until Element Is Visible" library="SeleniumLibrary">
<doc>Waits until the element ``locator`` is visible.</doc>
<arguments>
<arg>css=#product &gt; div &gt; div &gt; div.pb-center-column.col-xs-12.col-sm-4 &gt; h1</arg>
</arguments>
<status status="PASS" starttime="20200731 02:58:15.454" endtime="20200731 02:58:17.193"></status>
</kw>
<kw name="Element Text Should Be" library="SeleniumLibrary">
<doc>Verifies that element ``locator`` contains exact the text ``expected``.</doc>
<arguments>
<arg>css=#product &gt; div &gt; div &gt; div.pb-center-column.col-xs-12.col-sm-4 &gt; h1</arg>
<arg>${objetoTitulo}</arg>
</arguments>
<msg timestamp="20200731 02:58:17.195" level="INFO">Verifying element 'css=#product &gt; div &gt; div &gt; div.pb-center-column.col-xs-12.col-sm-4 &gt; h1' contains exact text 'Blouse'.</msg>
<status status="PASS" starttime="20200731 02:58:17.194" endtime="20200731 02:58:18.905"></status>
</kw>
<kw name="Unselect Frame" library="SeleniumLibrary">
<doc>Sets the main frame as the current frame.</doc>
<status status="PASS" starttime="20200731 02:58:18.906" endtime="20200731 02:58:19.731"></status>
</kw>
<kw name="Click Element" library="SeleniumLibrary">
<doc>Click the element identified by ``locator``.</doc>
<arguments>
<arg>css=#index &gt; div.fancybox-overlay.fancybox-overlay-fixed &gt; div &gt; div &gt; a</arg>
</arguments>
<msg timestamp="20200731 02:58:19.733" level="INFO">Clicking element 'css=#index &gt; div.fancybox-overlay.fancybox-overlay-fixed &gt; div &gt; div &gt; a'.</msg>
<status status="PASS" starttime="20200731 02:58:19.732" endtime="20200731 02:58:22.046"></status>
</kw>
<status status="PASS" starttime="20200731 02:58:00.871" endtime="20200731 02:58:22.047"></status>
</kw>
<kw name="${cadaItem} = 3" type="foritem">
<kw name="Element Should Not Be Visible" library="SeleniumLibrary">
<doc>Verifies that the element identified by ``locator`` is NOT visible.</doc>
<arguments>
<arg>css=#homefeatured &gt; li:nth-child(${cadaItem}) &gt; div &gt; div.left-block &gt; div &gt; div.quick-view-wrapper-mobile &gt; a &gt; i</arg>
</arguments>
<msg timestamp="20200731 02:58:23.866" level="INFO">Element 'css=#homefeatured &gt; li:nth-child(3) &gt; div &gt; div.left-block &gt; div &gt; div.quick-view-wrapper-mobile &gt; a &gt; i' exists but is not displayed.</msg>
<status status="PASS" starttime="20200731 02:58:22.048" endtime="20200731 02:58:23.867"></status>
</kw>
<kw name="Get Text" library="SeleniumLibrary">
<doc>Returns the text value of the element identified by ``locator``.</doc>
<arguments>
<arg>css=#homefeatured &gt; li:nth-child(${cadaItem}) &gt; div &gt; div.right-block &gt; h5 &gt; a</arg>
</arguments>
<assign>
<var>${objetoTitulo}</var>
</assign>
<msg timestamp="20200731 02:58:25.810" level="INFO">${objetoTitulo} = Printed Dress</msg>
<status status="PASS" starttime="20200731 02:58:23.869" endtime="20200731 02:58:25.811"></status>
</kw>
<kw name="Mouse Over" library="SeleniumLibrary">
<doc>Simulates hovering the mouse over the element ``locator``.</doc>
<arguments>
<arg>css=#homefeatured &gt; li:nth-child(${cadaItem}) &gt; div &gt; div.left-block &gt; div &gt; a.product_img_link &gt; img</arg>
</arguments>
<msg timestamp="20200731 02:58:25.818" level="INFO">Simulating Mouse Over on element 'css=#homefeatured &gt; li:nth-child(3) &gt; div &gt; div.left-block &gt; div &gt; a.product_img_link &gt; img'.</msg>
<status status="PASS" starttime="20200731 02:58:25.813" endtime="20200731 02:58:27.917"></status>
</kw>
<kw name="Wait Until Keyword Succeeds" library="BuiltIn">
<doc>Runs the specified keyword and retries if it fails.</doc>
<arguments>
<arg>2 min</arg>
<arg>3 sec</arg>
<arg>Click Element</arg>
<arg>css=#homefeatured &gt; li:nth-child(${cadaItem}) &gt; div &gt; div.left-block &gt; div &gt; a.quick-view &gt; span</arg>
</arguments>
<kw name="Click Element" library="SeleniumLibrary">
<doc>Click the element identified by ``locator``.</doc>
<arguments>
<arg>css=#homefeatured &gt; li:nth-child(${cadaItem}) &gt; div &gt; div.left-block &gt; div &gt; a.quick-view &gt; span</arg>
</arguments>
<msg timestamp="20200731 02:58:27.921" level="INFO">Clicking element 'css=#homefeatured &gt; li:nth-child(3) &gt; div &gt; div.left-block &gt; div &gt; a.quick-view &gt; span'.</msg>
<status status="PASS" starttime="20200731 02:58:27.919" endtime="20200731 02:58:30.347"></status>
</kw>
<status status="PASS" starttime="20200731 02:58:27.917" endtime="20200731 02:58:30.348"></status>
</kw>
<kw name="Wait Until Element Is Visible" library="SeleniumLibrary">
<doc>Waits until the element ``locator`` is visible.</doc>
<arguments>
<arg>css=#index &gt; div.fancybox-overlay.fancybox-overlay-fixed &gt; div &gt; div &gt; div &gt; div &gt; iframe</arg>
</arguments>
<status status="PASS" starttime="20200731 02:58:30.349" endtime="20200731 02:58:33.937"></status>
</kw>
<kw name="Select Frame" library="SeleniumLibrary">
<doc>Sets frame identified by ``locator`` as the current frame.</doc>
<arguments>
<arg>css=#index &gt; div.fancybox-overlay.fancybox-overlay-fixed &gt; div &gt; div &gt; div &gt; div &gt; iframe</arg>
</arguments>
<msg timestamp="20200731 02:58:33.939" level="INFO">Selecting frame 'css=#index &gt; div.fancybox-overlay.fancybox-overlay-fixed &gt; div &gt; div &gt; div &gt; div &gt; iframe'.</msg>
<status status="PASS" starttime="20200731 02:58:33.938" endtime="20200731 02:58:35.742"></status>
</kw>
<kw name="Wait Until Element Is Visible" library="SeleniumLibrary">
<doc>Waits until the element ``locator`` is visible.</doc>
<arguments>
<arg>css=#product &gt; div &gt; div &gt; div.pb-center-column.col-xs-12.col-sm-4 &gt; h1</arg>
</arguments>
<status status="PASS" starttime="20200731 02:58:35.747" endtime="20200731 02:58:37.618"></status>
</kw>
<kw name="Element Text Should Be" library="SeleniumLibrary">
<doc>Verifies that element ``locator`` contains exact the text ``expected``.</doc>
<arguments>
<arg>css=#product &gt; div &gt; div &gt; div.pb-center-column.col-xs-12.col-sm-4 &gt; h1</arg>
<arg>${objetoTitulo}</arg>
</arguments>
<msg timestamp="20200731 02:58:37.636" level="INFO">Verifying element 'css=#product &gt; div &gt; div &gt; div.pb-center-column.col-xs-12.col-sm-4 &gt; h1' contains exact text 'Printed Dress'.</msg>
<status status="PASS" starttime="20200731 02:58:37.620" endtime="20200731 02:58:40.379"></status>
</kw>
<kw name="Unselect Frame" library="SeleniumLibrary">
<doc>Sets the main frame as the current frame.</doc>
<status status="PASS" starttime="20200731 02:58:40.380" endtime="20200731 02:58:41.195"></status>
</kw>
<kw name="Click Element" library="SeleniumLibrary">
<doc>Click the element identified by ``locator``.</doc>
<arguments>
<arg>css=#index &gt; div.fancybox-overlay.fancybox-overlay-fixed &gt; div &gt; div &gt; a</arg>
</arguments>
<msg timestamp="20200731 02:58:41.198" level="INFO">Clicking element 'css=#index &gt; div.fancybox-overlay.fancybox-overlay-fixed &gt; div &gt; div &gt; a'.</msg>
<status status="PASS" starttime="20200731 02:58:41.197" endtime="20200731 02:58:43.592"></status>
</kw>
<status status="PASS" starttime="20200731 02:58:22.047" endtime="20200731 02:58:43.593"></status>
</kw>
<kw name="${cadaItem} = 4" type="foritem">
<kw name="Element Should Not Be Visible" library="SeleniumLibrary">
<doc>Verifies that the element identified by ``locator`` is NOT visible.</doc>
<arguments>
<arg>css=#homefeatured &gt; li:nth-child(${cadaItem}) &gt; div &gt; div.left-block &gt; div &gt; div.quick-view-wrapper-mobile &gt; a &gt; i</arg>
</arguments>
<msg timestamp="20200731 02:58:45.680" level="INFO">Element 'css=#homefeatured &gt; li:nth-child(4) &gt; div &gt; div.left-block &gt; div &gt; div.quick-view-wrapper-mobile &gt; a &gt; i' exists but is not displayed.</msg>
<status status="PASS" starttime="20200731 02:58:43.594" endtime="20200731 02:58:45.680"></status>
</kw>
<kw name="Get Text" library="SeleniumLibrary">
<doc>Returns the text value of the element identified by ``locator``.</doc>
<arguments>
<arg>css=#homefeatured &gt; li:nth-child(${cadaItem}) &gt; div &gt; div.right-block &gt; h5 &gt; a</arg>
</arguments>
<assign>
<var>${objetoTitulo}</var>
</assign>
<msg timestamp="20200731 02:58:47.871" level="INFO">${objetoTitulo} = Printed Dress</msg>
<status status="PASS" starttime="20200731 02:58:45.681" endtime="20200731 02:58:47.871"></status>
</kw>
<kw name="Mouse Over" library="SeleniumLibrary">
<doc>Simulates hovering the mouse over the element ``locator``.</doc>
<arguments>
<arg>css=#homefeatured &gt; li:nth-child(${cadaItem}) &gt; div &gt; div.left-block &gt; div &gt; a.product_img_link &gt; img</arg>
</arguments>
<msg timestamp="20200731 02:58:47.874" level="INFO">Simulating Mouse Over on element 'css=#homefeatured &gt; li:nth-child(4) &gt; div &gt; div.left-block &gt; div &gt; a.product_img_link &gt; img'.</msg>
<status status="PASS" starttime="20200731 02:58:47.872" endtime="20200731 02:58:49.974"></status>
</kw>
<kw name="Wait Until Keyword Succeeds" library="BuiltIn">
<doc>Runs the specified keyword and retries if it fails.</doc>
<arguments>
<arg>2 min</arg>
<arg>3 sec</arg>
<arg>Click Element</arg>
<arg>css=#homefeatured &gt; li:nth-child(${cadaItem}) &gt; div &gt; div.left-block &gt; div &gt; a.quick-view &gt; span</arg>
</arguments>
<kw name="Click Element" library="SeleniumLibrary">
<doc>Click the element identified by ``locator``.</doc>
<arguments>
<arg>css=#homefeatured &gt; li:nth-child(${cadaItem}) &gt; div &gt; div.left-block &gt; div &gt; a.quick-view &gt; span</arg>
</arguments>
<msg timestamp="20200731 02:58:49.979" level="INFO">Clicking element 'css=#homefeatured &gt; li:nth-child(4) &gt; div &gt; div.left-block &gt; div &gt; a.quick-view &gt; span'.</msg>
<status status="PASS" starttime="20200731 02:58:49.977" endtime="20200731 02:58:52.267"></status>
</kw>
<status status="PASS" starttime="20200731 02:58:49.975" endtime="20200731 02:58:52.268"></status>
</kw>
<kw name="Wait Until Element Is Visible" library="SeleniumLibrary">
<doc>Waits until the element ``locator`` is visible.</doc>
<arguments>
<arg>css=#index &gt; div.fancybox-overlay.fancybox-overlay-fixed &gt; div &gt; div &gt; div &gt; div &gt; iframe</arg>
</arguments>
<status status="PASS" starttime="20200731 02:58:52.269" endtime="20200731 02:58:58.241"></status>
</kw>
<kw name="Select Frame" library="SeleniumLibrary">
<doc>Sets frame identified by ``locator`` as the current frame.</doc>
<arguments>
<arg>css=#index &gt; div.fancybox-overlay.fancybox-overlay-fixed &gt; div &gt; div &gt; div &gt; div &gt; iframe</arg>
</arguments>
<msg timestamp="20200731 02:58:58.248" level="INFO">Selecting frame 'css=#index &gt; div.fancybox-overlay.fancybox-overlay-fixed &gt; div &gt; div &gt; div &gt; div &gt; iframe'.</msg>
<status status="PASS" starttime="20200731 02:58:58.245" endtime="20200731 02:59:00.918"></status>
</kw>
<kw name="Wait Until Element Is Visible" library="SeleniumLibrary">
<doc>Waits until the element ``locator`` is visible.</doc>
<arguments>
<arg>css=#product &gt; div &gt; div &gt; div.pb-center-column.col-xs-12.col-sm-4 &gt; h1</arg>
</arguments>
<status status="PASS" starttime="20200731 02:59:00.919" endtime="20200731 02:59:02.866"></status>
</kw>
<kw name="Element Text Should Be" library="SeleniumLibrary">
<doc>Verifies that element ``locator`` contains exact the text ``expected``.</doc>
<arguments>
<arg>css=#product &gt; div &gt; div &gt; div.pb-center-column.col-xs-12.col-sm-4 &gt; h1</arg>
<arg>${objetoTitulo}</arg>
</arguments>
<msg timestamp="20200731 02:59:02.870" level="INFO">Verifying element 'css=#product &gt; div &gt; div &gt; div.pb-center-column.col-xs-12.col-sm-4 &gt; h1' contains exact text 'Printed Dress'.</msg>
<status status="PASS" starttime="20200731 02:59:02.867" endtime="20200731 02:59:04.986"></status>
</kw>
<kw name="Unselect Frame" library="SeleniumLibrary">
<doc>Sets the main frame as the current frame.</doc>
<status status="PASS" starttime="20200731 02:59:04.988" endtime="20200731 02:59:06.040"></status>
</kw>
<kw name="Click Element" library="SeleniumLibrary">
<doc>Click the element identified by ``locator``.</doc>
<arguments>
<arg>css=#index &gt; div.fancybox-overlay.fancybox-overlay-fixed &gt; div &gt; div &gt; a</arg>
</arguments>
<msg timestamp="20200731 02:59:06.041" level="INFO">Clicking element 'css=#index &gt; div.fancybox-overlay.fancybox-overlay-fixed &gt; div &gt; div &gt; a'.</msg>
<status status="PASS" starttime="20200731 02:59:06.041" endtime="20200731 02:59:08.059"></status>
</kw>
<status status="PASS" starttime="20200731 02:58:43.594" endtime="20200731 02:59:08.059"></status>
</kw>
<kw name="${cadaItem} = 5" type="foritem">
<kw name="Element Should Not Be Visible" library="SeleniumLibrary">
<doc>Verifies that the element identified by ``locator`` is NOT visible.</doc>
<arguments>
<arg>css=#homefeatured &gt; li:nth-child(${cadaItem}) &gt; div &gt; div.left-block &gt; div &gt; div.quick-view-wrapper-mobile &gt; a &gt; i</arg>
</arguments>
<msg timestamp="20200731 02:59:10.402" level="INFO">Element 'css=#homefeatured &gt; li:nth-child(5) &gt; div &gt; div.left-block &gt; div &gt; div.quick-view-wrapper-mobile &gt; a &gt; i' exists but is not displayed.</msg>
<status status="PASS" starttime="20200731 02:59:08.061" endtime="20200731 02:59:10.403"></status>
</kw>
<kw name="Get Text" library="SeleniumLibrary">
<doc>Returns the text value of the element identified by ``locator``.</doc>
<arguments>
<arg>css=#homefeatured &gt; li:nth-child(${cadaItem}) &gt; div &gt; div.right-block &gt; h5 &gt; a</arg>
</arguments>
<assign>
<var>${objetoTitulo}</var>
</assign>
<msg timestamp="20200731 02:59:13.403" level="INFO">${objetoTitulo} = Printed Summer Dress</msg>
<status status="PASS" starttime="20200731 02:59:10.403" endtime="20200731 02:59:13.403"></status>
</kw>
<kw name="Mouse Over" library="SeleniumLibrary">
<doc>Simulates hovering the mouse over the element ``locator``.</doc>
<arguments>
<arg>css=#homefeatured &gt; li:nth-child(${cadaItem}) &gt; div &gt; div.left-block &gt; div &gt; a.product_img_link &gt; img</arg>
</arguments>
<msg timestamp="20200731 02:59:13.405" level="INFO">Simulating Mouse Over on element 'css=#homefeatured &gt; li:nth-child(5) &gt; div &gt; div.left-block &gt; div &gt; a.product_img_link &gt; img'.</msg>
<status status="PASS" starttime="20200731 02:59:13.403" endtime="20200731 02:59:17.468"></status>
</kw>
<kw name="Wait Until Keyword Succeeds" library="BuiltIn">
<doc>Runs the specified keyword and retries if it fails.</doc>
<arguments>
<arg>2 min</arg>
<arg>3 sec</arg>
<arg>Click Element</arg>
<arg>css=#homefeatured &gt; li:nth-child(${cadaItem}) &gt; div &gt; div.left-block &gt; div &gt; a.quick-view &gt; span</arg>
</arguments>
<kw name="Click Element" library="SeleniumLibrary">
<doc>Click the element identified by ``locator``.</doc>
<arguments>
<arg>css=#homefeatured &gt; li:nth-child(${cadaItem}) &gt; div &gt; div.left-block &gt; div &gt; a.quick-view &gt; span</arg>
</arguments>
<msg timestamp="20200731 02:59:17.472" level="INFO">Clicking element 'css=#homefeatured &gt; li:nth-child(5) &gt; div &gt; div.left-block &gt; div &gt; a.quick-view &gt; span'.</msg>
<status status="PASS" starttime="20200731 02:59:17.470" endtime="20200731 02:59:21.806"></status>
</kw>
<status status="PASS" starttime="20200731 02:59:17.468" endtime="20200731 02:59:21.807"></status>
</kw>
<kw name="Wait Until Element Is Visible" library="SeleniumLibrary">
<doc>Waits until the element ``locator`` is visible.</doc>
<arguments>
<arg>css=#index &gt; div.fancybox-overlay.fancybox-overlay-fixed &gt; div &gt; div &gt; div &gt; div &gt; iframe</arg>
</arguments>
<status status="PASS" starttime="20200731 02:59:21.807" endtime="20200731 02:59:30.269"></status>
</kw>
<kw name="Select Frame" library="SeleniumLibrary">
<doc>Sets frame identified by ``locator`` as the current frame.</doc>
<arguments>
<arg>css=#index &gt; div.fancybox-overlay.fancybox-overlay-fixed &gt; div &gt; div &gt; div &gt; div &gt; iframe</arg>
</arguments>
<msg timestamp="20200731 02:59:30.270" level="INFO">Selecting frame 'css=#index &gt; div.fancybox-overlay.fancybox-overlay-fixed &gt; div &gt; div &gt; div &gt; div &gt; iframe'.</msg>
<status status="PASS" starttime="20200731 02:59:30.269" endtime="20200731 02:59:34.365"></status>
</kw>
<kw name="Wait Until Element Is Visible" library="SeleniumLibrary">
<doc>Waits until the element ``locator`` is visible.</doc>
<arguments>
<arg>css=#product &gt; div &gt; div &gt; div.pb-center-column.col-xs-12.col-sm-4 &gt; h1</arg>
</arguments>
<status status="PASS" starttime="20200731 02:59:34.366" endtime="20200731 02:59:37.175"></status>
</kw>
<kw name="Element Text Should Be" library="SeleniumLibrary">
<doc>Verifies that element ``locator`` contains exact the text ``expected``.</doc>
<arguments>
<arg>css=#product &gt; div &gt; div &gt; div.pb-center-column.col-xs-12.col-sm-4 &gt; h1</arg>
<arg>${objetoTitulo}</arg>
</arguments>
<msg timestamp="20200731 02:59:37.178" level="INFO">Verifying element 'css=#product &gt; div &gt; div &gt; div.pb-center-column.col-xs-12.col-sm-4 &gt; h1' contains exact text 'Printed Summer Dress'.</msg>
<status status="PASS" starttime="20200731 02:59:37.177" endtime="20200731 02:59:41.450"></status>
</kw>
<kw name="Unselect Frame" library="SeleniumLibrary">
<doc>Sets the main frame as the current frame.</doc>
<status status="PASS" starttime="20200731 02:59:41.450" endtime="20200731 02:59:43.482"></status>
</kw>
<kw name="Click Element" library="SeleniumLibrary">
<doc>Click the element identified by ``locator``.</doc>
<arguments>
<arg>css=#index &gt; div.fancybox-overlay.fancybox-overlay-fixed &gt; div &gt; div &gt; a</arg>
</arguments>
<msg timestamp="20200731 02:59:43.484" level="INFO">Clicking element 'css=#index &gt; div.fancybox-overlay.fancybox-overlay-fixed &gt; div &gt; div &gt; a'.</msg>
<status status="PASS" starttime="20200731 02:59:43.483" endtime="20200731 02:59:50.540"></status>
</kw>
<status status="PASS" starttime="20200731 02:59:08.060" endtime="20200731 02:59:50.541"></status>
</kw>
<kw name="${cadaItem} = 6" type="foritem">
<kw name="Element Should Not Be Visible" library="SeleniumLibrary">
<doc>Verifies that the element identified by ``locator`` is NOT visible.</doc>
<arguments>
<arg>css=#homefeatured &gt; li:nth-child(${cadaItem}) &gt; div &gt; div.left-block &gt; div &gt; div.quick-view-wrapper-mobile &gt; a &gt; i</arg>
</arguments>
<msg timestamp="20200731 02:59:54.957" level="INFO">Element 'css=#homefeatured &gt; li:nth-child(6) &gt; div &gt; div.left-block &gt; div &gt; div.quick-view-wrapper-mobile &gt; a &gt; i' exists but is not displayed.</msg>
<status status="PASS" starttime="20200731 02:59:50.542" endtime="20200731 02:59:54.958"></status>
</kw>
<kw name="Get Text" library="SeleniumLibrary">
<doc>Returns the text value of the element identified by ``locator``.</doc>
<arguments>
<arg>css=#homefeatured &gt; li:nth-child(${cadaItem}) &gt; div &gt; div.right-block &gt; h5 &gt; a</arg>
</arguments>
<assign>
<var>${objetoTitulo}</var>
</assign>
<msg timestamp="20200731 02:59:59.476" level="INFO">${objetoTitulo} = Printed Summer Dress</msg>
<status status="PASS" starttime="20200731 02:59:54.959" endtime="20200731 02:59:59.476"></status>
</kw>
<kw name="Mouse Over" library="SeleniumLibrary">
<doc>Simulates hovering the mouse over the element ``locator``.</doc>
<arguments>
<arg>css=#homefeatured &gt; li:nth-child(${cadaItem}) &gt; div &gt; div.left-block &gt; div &gt; a.product_img_link &gt; img</arg>
</arguments>
<msg timestamp="20200731 02:59:59.478" level="INFO">Simulating Mouse Over on element 'css=#homefeatured &gt; li:nth-child(6) &gt; div &gt; div.left-block &gt; div &gt; a.product_img_link &gt; img'.</msg>
<status status="PASS" starttime="20200731 02:59:59.477" endtime="20200731 03:00:05.398"></status>
</kw>
<kw name="Wait Until Keyword Succeeds" library="BuiltIn">
<doc>Runs the specified keyword and retries if it fails.</doc>
<arguments>
<arg>2 min</arg>
<arg>3 sec</arg>
<arg>Click Element</arg>
<arg>css=#homefeatured &gt; li:nth-child(${cadaItem}) &gt; div &gt; div.left-block &gt; div &gt; a.quick-view &gt; span</arg>
</arguments>
<kw name="Click Element" library="SeleniumLibrary">
<doc>Click the element identified by ``locator``.</doc>
<arguments>
<arg>css=#homefeatured &gt; li:nth-child(${cadaItem}) &gt; div &gt; div.left-block &gt; div &gt; a.quick-view &gt; span</arg>
</arguments>
<msg timestamp="20200731 03:00:05.404" level="INFO">Clicking element 'css=#homefeatured &gt; li:nth-child(6) &gt; div &gt; div.left-block &gt; div &gt; a.quick-view &gt; span'.</msg>
<status status="PASS" starttime="20200731 03:00:05.401" endtime="20200731 03:00:16.019"></status>
</kw>
<status status="PASS" starttime="20200731 03:00:05.399" endtime="20200731 03:00:16.019"></status>
</kw>
<kw name="Wait Until Element Is Visible" library="SeleniumLibrary">
<doc>Waits until the element ``locator`` is visible.</doc>
<arguments>
<arg>css=#index &gt; div.fancybox-overlay.fancybox-overlay-fixed &gt; div &gt; div &gt; div &gt; div &gt; iframe</arg>
</arguments>
<status status="PASS" starttime="20200731 03:00:16.020" endtime="20200731 03:00:26.097"></status>
</kw>
<kw name="Select Frame" library="SeleniumLibrary">
<doc>Sets frame identified by ``locator`` as the current frame.</doc>
<arguments>
<arg>css=#index &gt; div.fancybox-overlay.fancybox-overlay-fixed &gt; div &gt; div &gt; div &gt; div &gt; iframe</arg>
</arguments>
<msg timestamp="20200731 03:00:26.099" level="INFO">Selecting frame 'css=#index &gt; div.fancybox-overlay.fancybox-overlay-fixed &gt; div &gt; div &gt; div &gt; div &gt; iframe'.</msg>
<status status="PASS" starttime="20200731 03:00:26.098" endtime="20200731 03:00:36.020"></status>
</kw>
<kw name="Wait Until Element Is Visible" library="SeleniumLibrary">
<doc>Waits until the element ``locator`` is visible.</doc>
<arguments>
<arg>css=#product &gt; div &gt; div &gt; div.pb-center-column.col-xs-12.col-sm-4 &gt; h1</arg>
</arguments>
<status status="PASS" starttime="20200731 03:00:36.021" endtime="20200731 03:00:40.306"></status>
</kw>
<kw name="Element Text Should Be" library="SeleniumLibrary">
<doc>Verifies that element ``locator`` contains exact the text ``expected``.</doc>
<arguments>
<arg>css=#product &gt; div &gt; div &gt; div.pb-center-column.col-xs-12.col-sm-4 &gt; h1</arg>
<arg>${objetoTitulo}</arg>
</arguments>
<msg timestamp="20200731 03:00:40.309" level="INFO">Verifying element 'css=#product &gt; div &gt; div &gt; div.pb-center-column.col-xs-12.col-sm-4 &gt; h1' contains exact text 'Printed Summer Dress'.</msg>
<status status="PASS" starttime="20200731 03:00:40.307" endtime="20200731 03:00:44.342"></status>
</kw>
<kw name="Unselect Frame" library="SeleniumLibrary">
<doc>Sets the main frame as the current frame.</doc>
<status status="PASS" starttime="20200731 03:00:44.343" endtime="20200731 03:00:47.029"></status>
</kw>
<kw name="Click Element" library="SeleniumLibrary">
<doc>Click the element identified by ``locator``.</doc>
<arguments>
<arg>css=#index &gt; div.fancybox-overlay.fancybox-overlay-fixed &gt; div &gt; div &gt; a</arg>
</arguments>
<msg timestamp="20200731 03:00:47.031" level="INFO">Clicking element 'css=#index &gt; div.fancybox-overlay.fancybox-overlay-fixed &gt; div &gt; div &gt; a'.</msg>
<status status="PASS" starttime="20200731 03:00:47.030" endtime="20200731 03:00:53.561"></status>
</kw>
<status status="PASS" starttime="20200731 02:59:50.541" endtime="20200731 03:00:53.561"></status>
</kw>
<kw name="${cadaItem} = 7" type="foritem">
<kw name="Element Should Not Be Visible" library="SeleniumLibrary">
<doc>Verifies that the element identified by ``locator`` is NOT visible.</doc>
<arguments>
<arg>css=#homefeatured &gt; li:nth-child(${cadaItem}) &gt; div &gt; div.left-block &gt; div &gt; div.quick-view-wrapper-mobile &gt; a &gt; i</arg>
</arguments>
<msg timestamp="20200731 03:00:56.264" level="INFO">Element 'css=#homefeatured &gt; li:nth-child(7) &gt; div &gt; div.left-block &gt; div &gt; div.quick-view-wrapper-mobile &gt; a &gt; i' exists but is not displayed.</msg>
<status status="PASS" starttime="20200731 03:00:53.563" endtime="20200731 03:00:56.265"></status>
</kw>
<kw name="Get Text" library="SeleniumLibrary">
<doc>Returns the text value of the element identified by ``locator``.</doc>
<arguments>
<arg>css=#homefeatured &gt; li:nth-child(${cadaItem}) &gt; div &gt; div.right-block &gt; h5 &gt; a</arg>
</arguments>
<assign>
<var>${objetoTitulo}</var>
</assign>
<msg timestamp="20200731 03:00:59.795" level="INFO">${objetoTitulo} = Printed Chiffon Dress</msg>
<status status="PASS" starttime="20200731 03:00:56.265" endtime="20200731 03:00:59.795"></status>
</kw>
<kw name="Mouse Over" library="SeleniumLibrary">
<doc>Simulates hovering the mouse over the element ``locator``.</doc>
<arguments>
<arg>css=#homefeatured &gt; li:nth-child(${cadaItem}) &gt; div &gt; div.left-block &gt; div &gt; a.product_img_link &gt; img</arg>
</arguments>
<msg timestamp="20200731 03:00:59.798" level="INFO">Simulating Mouse Over on element 'css=#homefeatured &gt; li:nth-child(7) &gt; div &gt; div.left-block &gt; div &gt; a.product_img_link &gt; img'.</msg>
<status status="PASS" starttime="20200731 03:00:59.796" endtime="20200731 03:01:03.830"></status>
</kw>
<kw name="Wait Until Keyword Succeeds" library="BuiltIn">
<doc>Runs the specified keyword and retries if it fails.</doc>
<arguments>
<arg>2 min</arg>
<arg>3 sec</arg>
<arg>Click Element</arg>
<arg>css=#homefeatured &gt; li:nth-child(${cadaItem}) &gt; div &gt; div.left-block &gt; div &gt; a.quick-view &gt; span</arg>
</arguments>
<kw name="Click Element" library="SeleniumLibrary">
<doc>Click the element identified by ``locator``.</doc>
<arguments>
<arg>css=#homefeatured &gt; li:nth-child(${cadaItem}) &gt; div &gt; div.left-block &gt; div &gt; a.quick-view &gt; span</arg>
</arguments>
<msg timestamp="20200731 03:01:03.836" level="INFO">Clicking element 'css=#homefeatured &gt; li:nth-child(7) &gt; div &gt; div.left-block &gt; div &gt; a.quick-view &gt; span'.</msg>
<status status="PASS" starttime="20200731 03:01:03.833" endtime="20200731 03:01:10.908"></status>
</kw>
<status status="PASS" starttime="20200731 03:01:03.831" endtime="20200731 03:01:10.911"></status>
</kw>
<kw name="Wait Until Element Is Visible" library="SeleniumLibrary">
<doc>Waits until the element ``locator`` is visible.</doc>
<arguments>
<arg>css=#index &gt; div.fancybox-overlay.fancybox-overlay-fixed &gt; div &gt; div &gt; div &gt; div &gt; iframe</arg>
</arguments>
<status status="PASS" starttime="20200731 03:01:10.911" endtime="20200731 03:01:20.164"></status>
</kw>
<kw name="Select Frame" library="SeleniumLibrary">
<doc>Sets frame identified by ``locator`` as the current frame.</doc>
<arguments>
<arg>css=#index &gt; div.fancybox-overlay.fancybox-overlay-fixed &gt; div &gt; div &gt; div &gt; div &gt; iframe</arg>
</arguments>
<msg timestamp="20200731 03:01:20.166" level="INFO">Selecting frame 'css=#index &gt; div.fancybox-overlay.fancybox-overlay-fixed &gt; div &gt; div &gt; div &gt; div &gt; iframe'.</msg>
<status status="PASS" starttime="20200731 03:01:20.165" endtime="20200731 03:01:26.169"></status>
</kw>
<kw name="Wait Until Element Is Visible" library="SeleniumLibrary">
<doc>Waits until the element ``locator`` is visible.</doc>
<arguments>
<arg>css=#product &gt; div &gt; div &gt; div.pb-center-column.col-xs-12.col-sm-4 &gt; h1</arg>
</arguments>
<status status="PASS" starttime="20200731 03:01:26.169" endtime="20200731 03:01:30.663"></status>
</kw>
<kw name="Element Text Should Be" library="SeleniumLibrary">
<doc>Verifies that element ``locator`` contains exact the text ``expected``.</doc>
<arguments>
<arg>css=#product &gt; div &gt; div &gt; div.pb-center-column.col-xs-12.col-sm-4 &gt; h1</arg>
<arg>${objetoTitulo}</arg>
</arguments>
<msg timestamp="20200731 03:01:30.666" level="INFO">Verifying element 'css=#product &gt; div &gt; div &gt; div.pb-center-column.col-xs-12.col-sm-4 &gt; h1' contains exact text 'Printed Chiffon Dress'.</msg>
<status status="PASS" starttime="20200731 03:01:30.664" endtime="20200731 03:01:34.169"></status>
</kw>
<kw name="Unselect Frame" library="SeleniumLibrary">
<doc>Sets the main frame as the current frame.</doc>
<status status="PASS" starttime="20200731 03:01:34.169" endtime="20200731 03:01:35.080"></status>
</kw>
<kw name="Click Element" library="SeleniumLibrary">
<doc>Click the element identified by ``locator``.</doc>
<arguments>
<arg>css=#index &gt; div.fancybox-overlay.fancybox-overlay-fixed &gt; div &gt; div &gt; a</arg>
</arguments>
<msg timestamp="20200731 03:01:35.082" level="INFO">Clicking element 'css=#index &gt; div.fancybox-overlay.fancybox-overlay-fixed &gt; div &gt; div &gt; a'.</msg>
<status status="PASS" starttime="20200731 03:01:35.081" endtime="20200731 03:01:42.990"></status>
</kw>
<status status="PASS" starttime="20200731 03:00:53.562" endtime="20200731 03:01:42.990"></status>
</kw>
<status status="PASS" starttime="20200731 02:57:39.685" endtime="20200731 03:01:42.990"></status>
</kw>
<kw name="Close Browser" library="SeleniumLibrary">
<doc>Closes the current browser.</doc>
<status status="PASS" starttime="20200731 03:01:42.992" endtime="20200731 03:02:26.371"></status>
</kw>
<status status="PASS" starttime="20200731 02:57:20.421" endtime="20200731 03:02:26.565" critical="yes"></status>
</test>
<status status="PASS" starttime="20200731 02:57:19.163" endtime="20200731 03:02:27.162"></status>
</suite>
<statistics>
<total>
<stat pass="1" fail="0">Critical Tests</stat>
<stat pass="1" fail="0">All Tests</stat>
</total>
<tag>
</tag>
<suite>
<stat pass="1" fail="0" id="s1" name="Casosdeprueba2">Casosdeprueba2</stat>
</suite>
</statistics>
<errors>
</errors>
</robot>
